Info: Nothing to build for TP_1
16:53:42 **** Incremental Build of configuration Debug for project TP_1 ****
Info: Internal Builder is used for build
gcc -O0 -g3 -Wall -c -fmessage-length=0 -o "src\\TP_1.o" "..\\src\\TP_1.c" 
gcc -o TP_1.exe "src\\TP_1.o" "src\\utn_bibliotecaTpUno.o" "src\\utn_comprobaciones.o" "src\\utn_operacionesMatematicas.o" "src\\utn_pedirDatos.o" 
c:/mingw/bin/../lib/gcc/mingw32/9.2.0/../../../../mingw32/bin/ld.exe: cannot open output file TP_1.exe: Permission denied
collect2.exe: error: ld returned 1 exit status
16:53:47 **** Incremental Build of configuration Debug for project TP_1 ****
Info: Internal Builder is used for build
gcc -o TP_1.exe "src\\TP_1.o" "src\\utn_bibliotecaTpUno.o" "src\\utn_comprobaciones.o" "src\\utn_operacionesMatematicas.o" "src\\utn_pedirDatos.o" 
16:54:23 **** Incremental Build of configuration Debug for project TP_1 ****
Info: Internal Builder is used for build
gcc -O0 -g3 -Wall -c -fmessage-length=0 -o "src\\TP_1.o" "..\\src\\TP_1.c" 
gcc -o TP_1.exe "src\\TP_1.o" "src\\utn_bibliotecaTpUno.o" "src\\utn_comprobaciones.o" "src\\utn_operacionesMatematicas.o" "src\\utn_pedirDatos.o" 
17:01:10 **** Incremental Build of configuration Debug for project TP_1 ****
Info: Internal Builder is used for build
gcc -O0 -g3 -Wall -c -fmessage-length=0 -o "src\\TP_1.o" "..\\src\\TP_1.c" 
gcc -o TP_1.exe "src\\TP_1.o" "src\\utn_bibliotecaTpUno.o" "src\\utn_comprobaciones.o" "src\\utn_operacionesMatematicas.o" "src\\utn_pedirDatos.o" 
Info: Nothing to build for TP_1
Info: Nothing to build for TP_1
17:04:28 **** Incremental Build of configuration Debug for project TP_1 ****
Info: Internal Builder is used for build
gcc -O0 -g3 -Wall -c -fmessage-length=0 -o "src\\utn_operacionesMatematicas.o" "..\\src\\utn_operacionesMatematicas.c" 
gcc -o TP_1.exe "src\\TP_1.o" "src\\utn_bibliotecaTpUno.o" "src\\utn_comprobaciones.o" "src\\utn_operacionesMatematicas.o" "src\\utn_pedirDatos.o" 
c:/mingw/bin/../lib/gcc/mingw32/9.2.0/../../../../mingw32/bin/ld.exe: cannot open output file TP_1.exe: Permission denied
collect2.exe: error: ld returned 1 exit status
17:06:41 **** Incremental Build of configuration Debug for project TP_1 ****
Info: Internal Builder is used for build
gcc -O0 -g3 -Wall -c -fmessage-length=0 -o "src\\utn_operacionesMatematicas.o" "..\\src\\utn_operacionesMatematicas.c" 
gcc -o TP_1.exe "src\\TP_1.o" "src\\utn_bibliotecaTpUno.o" "src\\utn_comprobaciones.o" "src\\utn_operacionesMatematicas.o" "src\\utn_pedirDatos.o" 
Info: Nothing to build for TP_1
17:11:53 **** Incremental Build of configuration Debug for project TP_1 ****
Info: Internal Builder is used for build
gcc -O0 -g3 -Wall -c -fmessage-length=0 -o "src\\utn_bibliotecaTpUno.o" "..\\src\\utn_bibliotecaTpUno.c" 
gcc -o TP_1.exe "src\\TP_1.o" "src\\utn_bibliotecaTpUno.o" "src\\utn_comprobaciones.o" "src\\utn_operacionesMatematicas.o" "src\\utn_pedirDatos.o" 
c:/mingw/bin/../lib/gcc/mingw32/9.2.0/../../../../mingw32/bin/ld.exe: cannot open output file TP_1.exe: Permission denied
collect2.exe: error: ld returned 1 exit status
17:11:58 **** Incremental Build of configuration Debug for project TP_1 ****
Info: Internal Builder is used for build
gcc -o TP_1.exe "src\\TP_1.o" "src\\utn_bibliotecaTpUno.o" "src\\utn_comprobaciones.o" "src\\utn_operacionesMatematicas.o" "src\\utn_pedirDatos.o" 
Info: Nothing to build for TP_1
Info: Nothing to build for TP_1
Info: Nothing to build for TP_1
Info: Nothing to build for TP_1
Info: Nothing to build for TP_1
Info: Nothing to build for TP_1
Info: Nothing to build for TP_1
Info: Nothing to build for TP_1
Info: Nothing to build for TP_1
Info: Nothing to build for TP_1
17:15:27 **** Incremental Build of configuration Debug for project TP_1 ****
Info: Internal Builder is used for build
gcc -O0 -g3 -Wall -c -fmessage-length=0 -o "src\\TP_1.o" "..\\src\\TP_1.c" 
gcc -o TP_1.exe "src\\TP_1.o" "src\\utn_bibliotecaTpUno.o" "src\\utn_comprobaciones.o" "src\\utn_operacionesMatematicas.o" "src\\utn_pedirDatos.o" 
