15:16:18 **** Rebuild of configuration Debug for project TP_2 ****
Info: Internal Builder is used for build
gcc -O0 -g3 -Wall -c -fmessage-length=0 -o "src\\TP_2.o" "..\\src\\TP_2.c" 
gcc -O0 -g3 -Wall -c -fmessage-length=0 -o "src\\Menus.o" "..\\src\\Menus.c" 
gcc -O0 -g3 -Wall -c -fmessage-length=0 -o "src\\ComprobarErrores.o" "..\\src\\ComprobarErrores.c" 
gcc -O0 -g3 -Wall -c -fmessage-length=0 -o "src\\ArrayEmployees.o" "..\\src\\ArrayEmployees.c" 
gcc -O0 -g3 -Wall -c -fmessage-length=0 -o "src\\Inputs.o" "..\\src\\Inputs.c" 
gcc -o TP_2.exe "src\\ArrayEmployees.o" "src\\ComprobarErrores.o" "src\\Inputs.o" "src\\Menus.o" "src\\TP_2.o" 
Info: Nothing to build for TP_2
Info: Nothing to build for TP_2
Info: Nothing to build for TP_2
15:22:59 **** Incremental Build of configuration Debug for project TP_2 ****
Info: Internal Builder is used for build
gcc -O0 -g3 -Wall -c -fmessage-length=0 -o "src\\TP_2.o" "..\\src\\TP_2.c" 
gcc -o TP_2.exe "src\\ArrayEmployees.o" "src\\ComprobarErrores.o" "src\\Inputs.o" "src\\Menus.o" "src\\TP_2.o" 
15:23:41 **** Incremental Build of configuration Debug for project TP_2 ****
Info: Internal Builder is used for build
gcc -O0 -g3 -Wall -c -fmessage-length=0 -o "src\\TP_2.o" "..\\src\\TP_2.c" 
gcc -o TP_2.exe "src\\ArrayEmployees.o" "src\\ComprobarErrores.o" "src\\Inputs.o" "src\\Menus.o" "src\\TP_2.o" 
Info: Nothing to build for TP_2
